2026-05-13 13:26:42.259 [restartedMain] INFO  c.e.EmployeeManagementApplication - Starting EmployeeManagementApplication using Java 17.0.12 with PID 2204 (C:\Users\HP\OneDrive\Desktop\New folder\EmployeeManagement\backend\target\classes started by HP in C:\Users\HP\OneDrive\Desktop\New folder\EmployeeManagement)
2026-05-13 13:26:42.263 [restartedMain] DEBUG c.e.EmployeeManagementApplication - Running with Spring Boot v3.1.5, Spring v6.0.13
2026-05-13 13:26:42.264 [restartedMain] INFO  c.e.EmployeeManagementApplication - No active profile set, falling back to 1 default profile: "default"
2026-05-13 13:26:42.370 [restartedMain] INFO  o.s.b.d.e.DevToolsPropertyDefaultsPostProcessor - Devtools property defaults active! Set 'spring.devtools.add-properties' to 'false' to disable
2026-05-13 13:26:42.371 [restartedMain] INFO  o.s.b.d.e.DevToolsPropertyDefaultsPostProcessor - For additional web related logging consider setting the 'logging.level.web' property to 'DEBUG'
2026-05-13 13:26:43.765 [restartedMain] INFO  o.s.d.r.c.RepositoryConfigurationDelegate - Bootstrapping Spring Data JPA repositories in DEFAULT mode.
2026-05-13 13:26:43.939 [restartedMain] INFO  o.s.d.r.c.RepositoryConfigurationDelegate - Finished Spring Data repository scanning in 153 ms. Found 1 JPA repository interfaces.
2026-05-13 13:26:45.730 [restartedMain] INFO  o.s.b.w.e.tomcat.TomcatWebServer - Tomcat initialized with port(s): 8081 (http)
2026-05-13 13:26:45.758 [restartedMain] INFO  o.a.coyote.http11.Http11NioProtocol - Initializing ProtocolHandler ["http-nio-8081"]
2026-05-13 13:26:45.765 [restartedMain] INFO  o.a.catalina.core.StandardService - Starting service [Tomcat]
2026-05-13 13:26:45.765 [restartedMain] INFO  o.a.catalina.core.StandardEngine - Starting Servlet engine: [Apache Tomcat/10.1.15]
2026-05-13 13:26:45.924 [restartedMain] INFO  o.a.c.c.C.[.[localhost].[/api] - Initializing Spring embedded WebApplicationContext
2026-05-13 13:26:45.928 [restartedMain] INFO  o.s.b.w.s.c.ServletWebServerApplicationContext - Root WebApplicationContext: initialization completed in 3553 ms
2026-05-13 13:26:46.008 [restartedMain] INFO  com.zaxxer.hikari.HikariDataSource - HikariPool-1 - Starting...
2026-05-13 13:26:46.452 [restartedMain] INFO  com.zaxxer.hikari.pool.HikariPool - HikariPool-1 - Added connection conn0: url=jdbc:h2:mem:employee_management user=SA
2026-05-13 13:26:46.455 [restartedMain] INFO  com.zaxxer.hikari.HikariDataSource - HikariPool-1 - Start completed.
2026-05-13 13:26:46.477 [restartedMain] INFO  o.s.b.a.h.H2ConsoleAutoConfiguration - H2 console available at '/h2-console'. Database available at 'jdbc:h2:mem:employee_management'
2026-05-13 13:26:46.881 [restartedMain] INFO  o.h.jpa.internal.util.LogHelper - HHH000204: Processing PersistenceUnitInfo [name: default]
2026-05-13 13:26:47.073 [restartedMain] INFO  org.hibernate.Version - HHH000412: Hibernate ORM core version 6.2.13.Final
2026-05-13 13:26:47.078 [restartedMain] INFO  org.hibernate.cfg.Environment - HHH000406: Using bytecode reflection optimizer
2026-05-13 13:26:47.838 [restartedMain] INFO  o.s.o.j.p.SpringPersistenceUnitInfo - No LoadTimeWeaver setup: ignoring JPA class transformer
2026-05-13 13:26:47.960 [restartedMain] WARN  org.hibernate.orm.deprecation - HHH90000025: H2Dialect does not need to be specified explicitly using 'hibernate.dialect' (remove the property setting and it will be selected by default)
2026-05-13 13:26:49.596 [restartedMain] INFO  o.h.e.t.j.p.i.JtaPlatformInitiator - HHH000489: No JTA platform available (set 'hibernate.transaction.jta.platform' to enable JTA platform integration)
2026-05-13 13:26:49.697 [restartedMain] DEBUG org.hibernate.SQL - 
    create table employee (
        id integer generated by default as identity,
        created_at timestamp(6) not null,
        department varchar(100) not null,
        email varchar(100) not null,
        first_name varchar(100) not null,
        last_name varchar(100) not null,
        salary float(53) not null,
        updated_at timestamp(6) not null,
        primary key (id)
    )
2026-05-13 13:26:49.719 [restartedMain] DEBUG org.hibernate.SQL - 
    create index idx_email 
       on employee (email)
2026-05-13 13:26:49.722 [restartedMain] DEBUG org.hibernate.SQL - 
    create index idx_department 
       on employee (department)
2026-05-13 13:26:49.724 [restartedMain] DEBUG org.hibernate.SQL - 
    alter table if exists employee 
       drop constraint if exists UK_fopic1oh5oln2khj8eat6ino0
2026-05-13 13:26:49.725 [restartedMain] DEBUG org.hibernate.SQL - 
    alter table if exists employee 
       add constraint UK_fopic1oh5oln2khj8eat6ino0 unique (email)
2026-05-13 13:26:49.730 [restartedMain] INFO  o.s.o.j.LocalContainerEntityManagerFactoryBean - Initialized JPA EntityManagerFactory for persistence unit 'default'
2026-05-13 13:26:50.457 [restartedMain] INFO  o.s.d.j.r.query.QueryEnhancerFactory - Hibernate is in classpath; If applicable, HQL parser will be used.
2026-05-13 13:26:51.580 [restartedMain] WARN  o.s.b.a.o.j.JpaBaseConfiguration$JpaWebConfiguration - spring.jpa.open-in-view is enabled by default. Therefore, database queries may be performed during view rendering. Explicitly configure spring.jpa.open-in-view to disable this warning
2026-05-13 13:26:51.808 [restartedMain] DEBUG o.s.w.s.m.m.a.RequestMappingHandlerAdapter - ControllerAdvice beans: 0 @ModelAttribute, 0 @InitBinder, 1 RequestBodyAdvice, 1 ResponseBodyAdvice
2026-05-13 13:26:52.007 [restartedMain] DEBUG o.s.w.s.m.m.a.RequestMappingHandlerMapping - 10 mappings in 'requestMappingHandlerMapping'
2026-05-13 13:26:52.047 [restartedMain] DEBUG o.s.w.s.h.SimpleUrlHandlerMapping - Patterns [/webjars/**, /**] in 'resourceHandlerMapping'
2026-05-13 13:26:52.061 [restartedMain] DEBUG o.s.w.s.m.m.a.ExceptionHandlerExceptionResolver - ControllerAdvice beans: 0 @ExceptionHandler, 1 ResponseBodyAdvice
2026-05-13 13:26:52.208 [restartedMain] WARN  o.s.b.d.a.OptionalLiveReloadServer - Unable to start LiveReload server
2026-05-13 13:26:52.228 [restartedMain] INFO  o.a.coyote.http11.Http11NioProtocol - Starting ProtocolHandler ["http-nio-8081"]
2026-05-13 13:26:52.238 [restartedMain] WARN  o.s.b.w.s.c.AnnotationConfigServletWebServerApplicationContext - Exception encountered during context initialization - cancelling refresh attempt: org.springframework.context.ApplicationContextException: Failed to start bean 'webServerStartStop'
2026-05-13 13:26:52.239 [restartedMain] INFO  o.s.o.j.LocalContainerEntityManagerFactoryBean - Closing JPA EntityManagerFactory for persistence unit 'default'
2026-05-13 13:26:52.458 [restartedMain] WARN  o.s.b.f.s.DisposableBeanAdapter - Invocation of destroy method failed on bean with name 'inMemoryDatabaseShutdownExecutor': org.h2.jdbc.JdbcSQLNonTransientConnectionException: Database is already closed (to disable automatic closing at VM shutdown, add ";DB_CLOSE_ON_EXIT=FALSE" to the db URL) [90121-214]
2026-05-13 13:26:52.460 [restartedMain] INFO  com.zaxxer.hikari.HikariDataSource - HikariPool-1 - Shutdown initiated...
2026-05-13 13:26:52.462 [restartedMain] INFO  com.zaxxer.hikari.HikariDataSource - HikariPool-1 - Shutdown completed.
2026-05-13 13:26:52.467 [restartedMain] INFO  o.a.coyote.http11.Http11NioProtocol - Pausing ProtocolHandler ["http-nio-8081"]
2026-05-13 13:26:52.468 [restartedMain] INFO  o.a.catalina.core.StandardService - Stopping service [Tomcat]
2026-05-13 13:26:52.477 [restartedMain] INFO  o.a.coyote.http11.Http11NioProtocol - Stopping ProtocolHandler ["http-nio-8081"]
2026-05-13 13:26:52.478 [restartedMain] INFO  o.a.coyote.http11.Http11NioProtocol - Destroying ProtocolHandler ["http-nio-8081"]
2026-05-13 13:26:52.494 [restartedMain] INFO  o.s.b.a.l.ConditionEvaluationReportLogger - 

Error starting ApplicationContext. To display the condition evaluation report re-run your application with 'debug' enabled.
2026-05-13 13:26:52.542 [restartedMain] ERROR o.s.b.d.LoggingFailureAnalysisReporter - 

***************************
APPLICATION FAILED TO START
***************************

Description:

Web server failed to start. Port 8081 was already in use.

Action:

Identify and stop the process that's listening on port 8081 or configure this application to listen on another port.

